"../../../MyProject/Content/Dynamic/GameMode/BP_SlomoShooterGameMode.uasset" 0
"../../../MyProject/Content/Dynamic/NPC/AI/BTTask_BlueprintBase_New.uasset" 1
"../../../MyProject/Content/Dynamic/NPC/AI/Patrol_Data.uasset" 2
"../../../MyProject/Content/Dynamic/NPC/AI/Chase.uasset" 3
"../../../MyProject/Content/Dynamic/NPC/AI/Finish.uasset" 4
"../../../MyProject/Content/Dynamic/NPC/AI/SetFocus_BT.uasset" 5
"../../../MyProject/Content/Dynamic/NPC/AI/Test.uasset" 6
"../../../MyProject/Content/Static/NPC/Character/UE4_Mannequin/Mesh/UE4_Mannequin_Skeleton.uasset" 7
"../../../MyProject/Content/Dynamic/NPC/Animations/AnimationClips/Fire_Rifle_Ironsights_Addetive.uasset" 8
"../../../MyProject/Content/Dynamic/NPC/Animations/AnimationClips/Fire_Rifle_Ironsights.uasset" 9
"../../../MyProject/Content/Dynamic/NPC/Animations/AM_NPC_Fire.uasset" 10
"../../../MyProject/Content/Dynamic/NPC/Animations/AnimationClips/Aim_Space_Hip.uasset" 11
"../../../MyProject/Content/Dynamic/NPC/Animations/AnimationClips/Crouch_Idle_Rifle_Ironsights.uasset" 12
"../../../MyProject/Content/Dynamic/NPC/Animations/AnimationClips/Crouch_to_Stand_Rifle_Hip.uasset" 13
"../../../MyProject/Content/Dynamic/NPC/Animations/AnimationClips/Crouch_to_Stand_Rifle_Ironsights.uasset" 14
"../../../MyProject/Content/Dynamic/NPC/Animations/AnimationClips/Crouch_Walk_Bwd_Rifle_Ironsights.uasset" 15
"../../../MyProject/Content/Dynamic/NPC/Animations/AnimationClips/Crouch_Walk_Fwd_Rifle_Ironsights.uasset" 16
"../../../MyProject/Content/Dynamic/NPC/Animations/AnimationClips/Crouch_Walk_Lt_Rifle_Ironsights.uasset" 17
"../../../MyProject/Content/Dynamic/NPC/Animations/AnimationClips/Crouch_Walk_Rt_Rifle_Ironsights.uasset" 18
"../../../MyProject/Content/Dynamic/NPC/Animations/AnimationClips/Death_Ironsights_1.uasset" 19
"../../../MyProject/Content/Dynamic/NPC/Animations/AnimationClips/Death_Ironsights_2.uasset" 20
"../../../MyProject/Content/Dynamic/NPC/Animations/AnimationClips/Equip_Pistol_Standing.uasset" 21
"../../../MyProject/Content/Dynamic/NPC/Animations/AnimationClips/Equip_Rifle_Standing.uasset" 22
"../../../MyProject/Content/Dynamic/NPC/Animations/AnimationClips/Fire_Rifle_Hip.uasset" 23
"../../../MyProject/Content/Dynamic/NPC/Animations/AnimationClips/Fire_Shotgun_Hip.uasset" 24
"../../../MyProject/Content/Dynamic/NPC/Animations/AnimationClips/Fire_Shotgun_Ironsights.uasset" 25
"../../../MyProject/Content/Dynamic/NPC/Animations/AnimationClips/Hit_React_1.uasset" 26
"../../../MyProject/Content/Dynamic/NPC/Animations/AnimationClips/Hit_React_2.uasset" 27
"../../../MyProject/Content/Dynamic/NPC/Animations/AnimationClips/Hit_React_3.uasset" 28
"../../../MyProject/Content/Dynamic/NPC/Animations/AnimationClips/Hit_React_4.uasset" 29
"../../../MyProject/Content/Dynamic/NPC/Animations/AnimationClips/Idle_Pistol.uasset" 30
"../../../MyProject/Content/Dynamic/NPC/Animations/AnimationClips/Idle_Rifle_Hip_Break1.uasset" 31
"../../../MyProject/Content/Dynamic/NPC/Animations/AnimationClips/Idle_Rifle_Hip_Break2.uasset" 32
"../../../MyProject/Content/Dynamic/NPC/Animations/AnimationClips/Jump_From_Stand_Ironsights.uasset" 33
"../../../MyProject/Content/Dynamic/NPC/Animations/AnimationClips/Prone_Death_1.uasset" 34
"../../../MyProject/Content/Dynamic/NPC/Animations/AnimationClips/Prone_Death_2.uasset" 35
"../../../MyProject/Content/Dynamic/NPC/Animations/AnimationClips/Prone_Fire_1.uasset" 36
"../../../MyProject/Content/Dynamic/NPC/Animations/AnimationClips/Prone_Fire_2.uasset" 37
"../../../MyProject/Content/Dynamic/NPC/Animations/AnimationClips/Prone_Idle.uasset" 38
"../../../MyProject/Content/Dynamic/NPC/Animations/AnimationClips/Prone_Reload_Rifle.uasset" 39
"../../../MyProject/Content/Dynamic/NPC/Animations/AnimationClips/Prone_Reload_Shotgun.uasset" 40
"../../../MyProject/Content/Dynamic/NPC/Animations/AnimationClips/Prone_To_Stand.uasset" 41
"../../../MyProject/Content/Dynamic/NPC/Animations/AnimationClips/Reload_Pistol.uasset" 42
"../../../MyProject/Content/Dynamic/NPC/Animations/AnimationClips/Reload_Rifle_Hip.uasset" 43
"../../../MyProject/Content/Dynamic/NPC/Animations/AnimationClips/Reload_Rifle_Ironsights.uasset" 44
"../../../MyProject/Content/Dynamic/NPC/Animations/AnimationClips/Reload_Shotgun_Hip.uasset" 45
"../../../MyProject/Content/Dynamic/NPC/Animations/AnimationClips/Reload_Shotgun_Ironsights.uasset" 46
"../../../MyProject/Content/Dynamic/NPC/Animations/AnimationClips/Sprint_Fwd_Rifle.uasset" 47
"../../../MyProject/Content/Dynamic/NPC/Animations/AnimationClips/Stand_to_Crouch_Rifle_Hip.uasset" 48
"../../../MyProject/Content/Dynamic/NPC/Animations/AnimationClips/Stand_to_Crouch_Rifle_Ironsights.uasset" 49
"../../../MyProject/Content/Dynamic/NPC/Animations/AnimationClips/Stand_To_Prone.uasset" 50
"../../../MyProject/Content/Static/Geometry/Meshes/CubeMaterial.uasset" 51
"../../../MyProject/Content/Static/Geometry/Meshes/1M_Cube_Chamfer.uasset" 52
"../../../MyProject/Content/Static/Geometry/Meshes/lambert1.uasset" 53
"../../../MyProject/Content/Static/Geometry/Meshes/pCube2Mat.uasset" 54
"../../../MyProject/Content/Static/Geometry/Meshes/RampMaterial.uasset" 55
"../../../MyProject/Content/Static/Geometry/Meshes/RightArm_StaticMesh.uasset" 56
"../../../MyProject/Content/Static/Materials/Desert_Ground_M/DesertGroundBricks/GroundBricks_H.uasset" 57
"../../../MyProject/Content/Static/Materials/Desert_Ground_M/DesertGroundBricks/GroundBricks_Met.uasset" 58
"../../../MyProject/Content/Static/Materials/Desert_Ground_M/DesertGroundTextures/Desert_Ground_Met.uasset" 59
"../../../MyProject/Content/Static/Materials/Desert_Ground_M/DesertGround_Bright_Textures/BrightSand_H.uasset" 60
"../../../MyProject/Content/Static/Materials/Desert_Ground_M/DesertGround_Bright_Textures/BrightSand_Met.uasset" 61
"../../../MyProject/Content/Static/Materials/Desert_Ground_M/DesertGround_Soft/SandSoft_Met.uasset" 62
"../../../Engine/Content/Functions/Engine_MaterialFunctions01/Opacity/CameraDepthFade.uasset" 63
"../../../Engine/Content/EngineMaterials/T_Default_Material_Grid_M.uasset" 64
"../../../Engine/Content/EngineMaterials/T_Default_Material_Grid_N.uasset" 65
"../../../Engine/Content/EngineMaterials/WorldGridMaterial.uasset" 66
"../../../MyProject/Content/Static/Materials/Sandstorm/Mesh_Sphere_NormalInvert.uasset" 67
"../../../MyProject/Content/Static/Materials/Sandstorm/Texture/uniformclouds.uasset" 68
"../../../MyProject/Content/Static/Materials/Sandstorm/M_Environment_Fog.uasset" 69
"../../../MyProject/Content/Static/Materials/Sandstorm/Texture/sand__noisy.uasset" 70
"../../../MyProject/Content/Static/Materials/Sandstorm/M_Sandstorm_BG.uasset" 71
"../../../MyProject/Content/Static/Movie/Tusun.uasset" 72
"../../../MyProject/Content/Static/Player/Meshes/BaseMaterial.uasset" 73
"../../../MyProject/Content/Static/Player/Meshes/FirstPersonProjectileMaterial.uasset" 74
"../../../MyProject/Content/Static/Player/Meshes/FirstPersonProjectileMesh.uasset" 75
"../../../MyProject/Content/Static/Player/Textures/FirstPersonCrosshair.uasset" 76
"../../../MyProject/Content/Static/UI/ScreenSplat/tex_screenBullets_01.uasset" 77
"../../../MyProject/Content/Static/UI/ScreenSplat/tex_screenSplat_01.uasset" 78
"../../../MyProject/Content/Static/Player/Character/Textures/UE4_LOGO_CARD.uasset" 79
"../../../MyProject/Content/Static/Weapons/FPWeapon/Materials/MaterialLayers/ML_Plastic_Shiny_Beige_LOGO.uasset" 80
"../../../MyProject/Content/Static/Weapons/FPWeapon/Materials/MaterialLayers/T_ML_FineRubber.uasset" 81
"../../../MyProject/Content/Static/Weapons/FPWeapon/Mesh/SK_FPGun_PhysicsAsset.uasset" 82
"../../../Engine/Content/EditorLandscapeResources/DataLayer.uasset" 83
"../../../Engine/Content/EditorMaterials/GizmoMaterial.uasset" 84
"../../../Engine/Content/EditorMaterials/MAT_Groups_Toggle.uasset" 85
"../../../Engine/Content/EditorMaterials/MAT_Groups_Visibility.uasset" 86
"../../../Engine/Content/EditorMaterials/PreviewShadowIndicator.uasset" 87
"../../../Engine/Content/EditorMaterials/PreviewShadowIndicatorMaterial.uasset" 88
"../../../Engine/Content/EditorMaterials/AssetViewer/EpicQuadPanorama_CC+EV1.uasset" 89
"../../../Engine/Content/EditorMaterials/MatineeGroups/MAT_ColorTrack.uasset" 90
"../../../Engine/Content/EditorMaterials/MatineeGroups/MAT_Groups_Anim.uasset" 91
"../../../Engine/Content/EditorMaterials/MatineeGroups/MAT_Groups_AudioMaster.uasset" 92
"../../../Engine/Content/EditorMaterials/MatineeGroups/MAT_Groups_Director.uasset" 93
"../../../Engine/Content/EditorMaterials/MatineeGroups/MAT_Groups_Event.uasset" 94
"../../../Engine/Content/EditorMaterials/MatineeGroups/MAT_Groups_Fade.uasset" 95
"../../../Engine/Content/EditorMaterials/MatineeGroups/MAT_Groups_Float.uasset" 96
"../../../Engine/Content/EditorMaterials/MatineeGroups/MAT_Groups_Move.uasset" 97
"../../../Engine/Content/EditorMaterials/MatineeGroups/MAT_Groups_Slomo.uasset" 98
"../../../Engine/Content/EditorMaterials/MatineeGroups/MAT_Groups_Sound.uasset" 99
"../../../Engine/Content/EditorMaterials/MatineeGroups/MAT_Groups_Vector.uasset" 100
"../../../Engine/Content/EditorMaterials/ParticleSystems/PSysThumbnail_NoImage.uasset" 101
"../../../Engine/Content/EditorMaterials/ParticleSystems/PSysThumbnail_OOD.uasset" 102
"../../../Engine/Content/EditorMaterials/Camera/CineMat.uasset" 103
"../../../Engine/Content/EditorMaterials/Camera/MI_CineMat_Rig.uasset" 104
"../../../Engine/Content/EditorMeshes/Camera/SM_CraneRig_Arm.uasset" 105
"../../../Engine/Content/EditorMeshes/Camera/SM_CraneRig_Base.uasset" 106
"../../../Engine/Content/EditorMeshes/Camera/SM_CraneRig_Body.uasset" 107
"../../../Engine/Content/EditorMeshes/Camera/SM_CraneRig_Mount.uasset" 108
"../../../Engine/Content/EditorMeshes/Camera/SM_RailRig_Mount.uasset" 109
"../../../Engine/Content/EditorMeshes/Camera/SM_RailRig_Track.uasset" 110
"../../../Engine/Content/EditorMeshes/ColorCalibrator/M_ChromeBall.uasset" 111
"../../../Engine/Content/EditorMeshes/ColorCalibrator/M_ClearCoat.uasset" 112
"../../../Engine/Content/EditorMeshes/ColorCalibrator/M_ClearCoatBlack.uasset" 113
"../../../Engine/Content/EditorMeshes/ColorCalibrator/T_ColorGrid.uasset" 114
"../../../Engine/Content/EditorMeshes/ColorCalibrator/M_ColorGrid.uasset" 115
"../../../Engine/Content/EditorMeshes/ColorCalibrator/M_GreyBall.uasset" 116
"../../../Engine/Content/EditorMeshes/ColorCalibrator/SM_ColorCalibrator.uasset" 117
"../../../Engine/Content/EditorResources/BSPVertex.uasset" 118
"../../../Engine/Content/EditorResources/EmptyActor.uasset" 119
"../../../Engine/Content/EditorResources/S_Actor.uasset" 120
"../../../Engine/Content/EditorResources/S_Trigger.uasset" 121
"../../../Engine/Content/EditorResources/AudioIcons/S_AudioComponent_AutoActivate.uasset" 122
"../../../Engine/Content/EditorResources/LightIcons/S_LightError.uasset" 123
"../../../Engine/Content/EditorResources/SequenceRecorder/Countdown.uasset" 124
"../../../Engine/Content/EditorResources/SequenceRecorder/RecordingIndicator.uasset" 125
"../../../Engine/Content/EditorSounds/Notifications/CompileFailed.uasset" 126
"../../../Engine/Content/EditorSounds/Notifications/CompileFailed_Cue.uasset" 127
"../../../Engine/Content/EditorSounds/Notifications/CompileSuccess.uasset" 128
"../../../Engine/Content/EditorSounds/Notifications/CompileStart_Cue.uasset" 129
"../../../Engine/Content/EditorSounds/Notifications/CompileSuccess_Cue.uasset" 130
"../../../Engine/Content/EngineDamageTypes/DmgTypeBP_Environmental.uasset" 131
"../../../Engine/Content/EngineDebugMaterials/HeatmapGradient.uasset" 132
"../../../Engine/Content/EngineDebugMaterials/BoneWeightMaterial.uasset" 133
"../../../Engine/Content/EngineDebugMaterials/ClothMaterial.uasset" 134
"../../../Engine/Content/EngineDebugMaterials/ClothMaterial_WF.uasset" 135
"../../../Engine/Content/EngineDebugMaterials/DebugEditorMaterial.uasset" 136
"../../../Engine/Content/EngineDebugMaterials/DebugMeshMaterial.uasset" 137
"../../../Engine/Content/EngineDebugMaterials/GeomMaterial.uasset" 138
"../../../Engine/Content/EngineFonts/Faces/RobotoBold.uasset" 139
"../../../Engine/Content/EngineFonts/Faces/RobotoBoldItalic.uasset" 140
"../../../Engine/Content/EngineFonts/Faces/RobotoItalic.uasset" 141
"../../../Engine/Content/EngineFonts/Faces/RobotoLight.uasset" 142
"../../../Engine/Content/EngineFonts/Faces/RobotoRegular.uasset" 143
"../../../Engine/Content/EngineFonts/Roboto.uasset" 144
"../../../Engine/Content/EngineFonts/Faces/RobotoTiny.uasset" 145
"../../../Engine/Content/EngineFonts/RobotoTiny.uasset" 146
"../../../Engine/Content/EngineMaterials/DefaultBloomKernel.uasset" 147
"../../../Engine/Content/EngineMaterials/DefaultBokeh.uasset" 148
"../../../Engine/Content/EngineMaterials/DefaultDiffuse.uasset" 149
"../../../Engine/Content/EngineMaterials/DefaultDeferredDecalMaterial.uasset" 150
"../../../Engine/Content/EngineMaterials/DefaultLightFunctionMaterial.uasset" 151
"../../../Engine/Content/Functions/Engine_MaterialFunctions02/Utility/BreakOutFloat2Components.uasset" 152
"../../../Engine/Content/EngineMaterials/DefaultPostProcessMaterial.uasset" 153
"../../../Engine/Content/EngineFonts/RobotoDistanceField.uasset" 154
"../../../Engine/Content/EngineMaterials/DefaultTextMaterialOpaque.uasset" 155
"../../../Engine/Content/EngineMaterials/DefaultWhiteGrid.uasset" 156
"../../../Engine/Content/EngineMaterials/EditorBrushMaterial.uasset" 157
"../../../Engine/Content/EngineMaterials/Good64x64TilingNoiseHighFreq.uasset" 158
"../../../Engine/Content/EngineMaterials/MiniFont.uasset" 159
"../../../Engine/Content/EngineMaterials/InvalidLightmapSettings.uasset" 160
"../../../Engine/Content/EngineMaterials/M_InvalidLightmapSettings.uasset" 161
"../../../Engine/Content/EngineMaterials/PhAT_JointLimitMaterial.uasset" 162
"../../../Engine/Content/EngineMaterials/PreintegratedSkinBRDF.uasset" 163
"../../../Engine/Content/EngineMaterials/RemoveSurfaceMaterial.uasset" 164
"../../../Engine/Content/EngineMaterials/WeightMapPlaceholderTexture.uasset" 165
"../../../Engine/Content/EngineResources/WhiteSquareTexture.uasset" 166
"../../../Engine/Content/EngineMaterials/Widget3DPassThrough.uasset" 167
"../../../Engine/Content/EngineMaterials/Widget3DPassThrough_Masked.uasset" 168
"../../../Engine/Content/EngineMaterials/Widget3DPassThrough_Opaque.uasset" 169
"../../../Engine/Content/EngineMaterials/Widget3DPassThrough_Masked_OneSided.uasset" 170
"../../../Engine/Content/EngineMaterials/Widget3DPassThrough_Opaque_OneSided.uasset" 171
"../../../Engine/Content/EngineMaterials/Widget3DPassThrough_Translucent.uasset" 172
"../../../Engine/Content/EngineMaterials/Widget3DPassThrough_Translucent_OneSided.uasset" 173
"../../../Engine/Content/EngineMaterials/DefaultMaterial.uasset" 174
"../../../Engine/Content/EngineMeshes/Cube.uasset" 175
"../../../Engine/Content/EngineMeshes/Cylinder.uasset" 176
"../../../Engine/Content/EngineMeshes/Sphere.uasset" 177
"../../../Engine/Content/EngineResources/Black.uasset" 178
"../../../Engine/Content/EngineResources/DefaultTexture.uasset" 179
"../../../Engine/Content/EngineResources/DefaultTextureCube.uasset" 180
"../../../Engine/Content/EngineResources/GradientTexture0.uasset" 181
"../../../Engine/Content/EngineSounds/Master.uasset" 182
"../../../Engine/Content/Functions/Engine_MaterialFunctions01/Shading/ConvertFromDiffSpec.uasset" 183
"../../../Engine/Content/Functions/Engine_MaterialFunctions01/Shading/PowerToRoughness.uasset" 184
"../../../Engine/Content/Maps/Templates/Thumbnails/Default.uasset" 185
"../../../Engine/Content/Maps/Templates/Thumbnails/VR-Basic.uasset" 186
"../../../Engine/Content/MobileResources/T_MobileControls_texture.uasset" 187
"../../../Engine/Content/MobileResources/T_MobileMenu2.uasset" 188
"../../../Engine/Content/MobileResources/HUD/AnalogHat.uasset" 189
"../../../Engine/Content/MobileResources/HUD/VirtualJoystick_Background.uasset" 190
"../../../Engine/Content/MobileResources/HUD/VirtualJoystick_Thumb.uasset" 191
"../../../Engine/Content/MobileResources/HUD/DefaultVirtualJoysticks.uasset" 192
"../../../Engine/Content/MobileResources/HUD/LeftVirtualJoystickOnly.uasset" 193
"../../../Engine/Content/MobileResources/HUD/MobileHUDButton1_off.uasset" 194
"../../../Engine/Content/MobileResources/HUD/MobileHUDButton1_on.uasset" 195
"../../../Engine/Content/MobileResources/HUD/MobileHUDButton2_off.uasset" 196
"../../../Engine/Content/MobileResources/HUD/MobileHUDButton2_on.uasset" 197
"../../../Engine/Content/MobileResources/HUD/MobileHUDButton3.uasset" 198
"../../../Engine/Content/MobileResources/HUD/MobileHUDButtonFire.uasset" 199
"../../../Engine/Content/MobileResources/HUD/MobileHUDDirectionPad.uasset" 200
"../../../Engine/Content/MobileResources/HUD/MobileHUDDirectionPad2.uasset" 201
"../../../Engine/Content/MobileResources/HUD/MobileHUDDirectionPad3.uasset" 202
"../../../Engine/Content/MobileResources/HUD/MobileHUDDirectionStick.uasset" 203
"../../../Engine/Content/MobileResources/HUD/T_Castle_ThumbstickInner.uasset" 204
"../../../Engine/Content/MobileResources/HUD/T_Castle_ThumbstickOutter.uasset" 205
"../../../Engine/Content/Tutorial/ContentIntroCurve.uasset" 206
"../../../Engine/Content/Tutorial/Basics/TutorialAssets/icon_tab_Levels_40x.uasset" 207
"../../../Engine/Content/Tutorial/BlueprintTutorials/TutorialAssets/BlueprintInterface_64x.uasset" 208
"../../../Engine/Content/Tutorial/BlueprintTutorials/TutorialAssets/BlueprintMacroLibrary_64x.uasset" 209
"../../../Engine/Content/Tutorial/BlueprintTutorials/TutorialAssets/Blueprint_64x.uasset" 210
"../../../Engine/Content/Tutorial/BlueprintTutorials/TutorialAssets/Tutorial_BP_Interface.uasset" 211
"../../../Engine/Content/Tutorial/Foliage/TutorialAssets/Foliage.uasset" 212
"../../../Engine/Content/Tutorial/Landscape/TutorialAssets/Landscape.uasset" 213
"../../../Engine/Content/Tutorial/Paper2D/TutorialAssets/Paper2DFlipbook_TutorialIcon.uasset" 214
"../../../Engine/Content/Tutorial/Paper2D/TutorialAssets/Paper2DSprite_TutorialIcon.uasset" 215
"../../../Engine/Content/Tutorial/SubEditors/TutorialAssets/icon_Editor_Preferences_General_40x.uasset" 216
"../../../Engine/Content/Tutorial/SubEditors/TutorialAssets/icon_ShowSkeletalMeshes_40x.uasset" 217
"../../../Engine/Content/Tutorial/SubEditors/TutorialAssets/TutorialMaterial.uasset" 218
"../../../Engine/Content/Tutorial/SubEditors/TutorialAssets/T_SmokeSubUV_8X8.uasset" 219
"../../../Engine/Content/Tutorial/SubEditors/TutorialAssets/T_soft_smoke.uasset" 220
"../../../Engine/Content/Tutorial/SubEditors/TutorialAssets/M_smoke_subUV_blackbody.uasset" 221
"../../../Engine/Content/Tutorial/SubEditors/TutorialAssets/TutorialParticleSystem.uasset" 222
"../../../Engine/Content/EditorMeshes/EditorCube.uasset" 223
"../../../Engine/Content/Tutorial/SubEditors/TutorialAssets/Tutorial_DM.uasset" 224
"../../../Engine/Content/VREditor/Devices/Generic/GenericHMDMaterial.uasset" 225
"../../../Engine/Content/VREditor/Devices/Generic/GenericHMD.uasset" 226
"../../../Engine/Content/VREditor/FloatingText/LineMaterial.uasset" 227
"../../../Engine/Content/VREditor/FloatingText/JointSphere.uasset" 228
"../../../Engine/Content/VREditor/FloatingText/LineSegmentCylinder.uasset" 229
"../../../Engine/Content/VREditor/Fonts/VRText_RobotoLarge.uasset" 230
"../../../Engine/Content/VREditor/Fonts/VRTextMaterial.uasset" 231
"../../../Engine/Content/VREditor/Fonts/TranslucentVRTextMaterial.uasset" 232
"../../../Engine/Content/VREditor/LaserPointer/CursorPointer.uasset" 233
"../../../Engine/Content/VREditor/LaserPointer/VR_LaserPower_01.uasset" 234
"../../../Engine/Content/VREditor/TransformGizmo/TransformGizmoMaterial.uasset" 235
"../../../Engine/Content/VREditor/LaserPointer/HoverMaterial.uasset" 236
"../../../Engine/Content/VREditor/TransformGizmo/TranslucentTransformGizmoMaterial.uasset" 237
"../../../Engine/Content/VREditor/LaserPointer/TranslucentHoverMaterial.uasset" 238
"../../../Engine/Content/VREditor/LaserPointer/HoverMesh.uasset" 239
"../../../Engine/Content/VREditor/LaserPointer/LaserPointerMaterial.uasset" 240
"../../../Engine/Content/VREditor/LaserPointer/LaserPointerMaterialInst.uasset" 241
"../../../Engine/Content/VREditor/LaserPointer/TranslucentLaserPointerMaterialInst.uasset" 242
"../../../Engine/Content/VREditor/LaserPointer/LaserPointerMesh.uasset" 243
"../../../Engine/Content/VREditor/LaserPointer/LaserPointerMesh_End.uasset" 244
"../../../Engine/Content/VREditor/LaserPointer/LaserPointerMesh_Start.uasset" 245
"../../../Engine/Content/Functions/Engine_MaterialFunctions02/Utility/BreakOutFloat3Components.uasset" 246
"../../../Engine/Content/Functions/Engine_MaterialFunctions02/Math/Transform3x3Matrix.uasset" 247
"../../../Engine/Content/Functions/Engine_MaterialFunctions02/SplitComponents.uasset" 248
"../../../Engine/Content/Functions/Engine_MaterialFunctions02/Utility/MakeFloat3.uasset" 249
"../../../Engine/Content/VREditor/SnapGrid/SnapGridMaterial.uasset" 250
"../../../Engine/Content/VREditor/SnapGrid/SnapGridPlaneMesh.uasset" 251
"../../../Engine/Content/VREditor/Sounds/VR_teleport.uasset" 252
"../../../Engine/Content/VREditor/Sounds/UI/Click_on_Button_Cue.uasset" 253
"../../../Engine/Content/VREditor/Sounds/UI/Dockable_Window_Close.uasset" 254
"../../../Engine/Content/VREditor/Sounds/UI/Dockable_Window_Drop.uasset" 255
"../../../Engine/Content/VREditor/Sounds/UI/Dockable_Window_Open.uasset" 256
"../../../Engine/Content/VREditor/Sounds/UI/Dockable_Window_Pick_Up.uasset" 257
"../../../Engine/Content/VREditor/Sounds/UI/Drop_Item_From_ContentBrowser.uasset" 258
"../../../Engine/Content/VREditor/Sounds/UI/Floating_UI_Open-001.uasset" 259
"../../../Engine/Content/VREditor/Sounds/UI/Gizmo_Handle_Clicked.uasset" 260
"../../../Engine/Content/VREditor/Sounds/UI/Object_PickUp.uasset" 261
"../../../Engine/Content/VREditor/Sounds/UI/Object_Snaps_To_Another_Actor.uasset" 262
"../../../Engine/Content/VREditor/Sounds/UI/Object_Snaps_To_Grid.uasset" 263
"../../../Engine/Content/VREditor/Sounds/UI/Radial_Menu_FadeOut.uasset" 264
"../../../Engine/Content/VREditor/Sounds/UI/Scaling_Down.uasset" 265
"../../../Engine/Content/VREditor/Sounds/UI/Scaling_Up.uasset" 266
"../../../Engine/Content/VREditor/Sounds/UI/Selection_Changes.uasset" 267
"../../../Engine/Content/VREditor/Sounds/UI/Teleport_Mode_Entered.uasset" 268
"../../../Engine/Content/VREditor/Teleport/TeleportDirectionMaterial.uasset" 269
"../../../Engine/Content/VREditor/Teleport/TeleportDirectionMaterial_Inst.uasset" 270
"../../../Engine/Content/VREditor/Teleport/TeleportDirectionMesh.uasset" 271
"../../../Engine/Content/VREditor/TransformGizmo/BoundingBoxCorner.uasset" 272
"../../../Engine/Content/VREditor/TransformGizmo/BoundingBoxEdge.uasset" 273
"../../../Engine/Content/VREditor/TransformGizmo/PlaneTranslationHandle.uasset" 274
"../../../Engine/Content/VREditor/TransformGizmo/RotationHandleFull.uasset" 275
"../../../Engine/Content/VREditor/TransformGizmo/RotationHandleIndicator.uasset" 276
"../../../Engine/Content/VREditor/TransformGizmo/RotationHandleQuarter.uasset" 277
"../../../Engine/Content/VREditor/TransformGizmo/Main.uasset" 278
"../../../Engine/Content/VREditor/TransformGizmo/Xray.uasset" 279
"../../../Engine/Content/VREditor/TransformGizmo/SM_Dialog_Close.uasset" 280
"../../../Engine/Content/VREditor/TransformGizmo/SM_Dialog_Move.uasset" 281
"../../../Engine/Content/VREditor/TransformGizmo/SM_Sequencer_Key.uasset" 282
"../../../Engine/Content/VREditor/TransformGizmo/StartRotationHandleIndicator.uasset" 283
"../../../Engine/Content/VREditor/TransformGizmo/TranslucentTransformGizmoMaterial_Inst.uasset" 284
"../../../Engine/Content/VREditor/TransformGizmo/TransformGizmoFreeRotation.uasset" 285
"../../../Engine/Content/VREditor/TransformGizmo/TransformGizmoMaterial_Inst.uasset" 286
"../../../Engine/Content/VREditor/TransformGizmo/TranslateArrowHandle.uasset" 287
"../../../Engine/Content/VREditor/TransformGizmo/UniformScaleHandle.uasset" 288
"../../../Engine/Content/VREditor/UI/KeyDiskMaterial.uasset" 289
"../../../Engine/Content/VREditor/UI/DiscMaterial.uasset" 290
"../../../Engine/Content/VREditor/UI/SM_Radial_Disk.uasset" 291
"../../../Engine/Content/Functions/Engine_MaterialFunctions01/Gradient/RadialGradient.uasset" 292
"../../../Engine/Content/VREditor/WorldMovementGrid/SimpleGrid.uasset" 293
"../../../Engine/Content/VREditor/WorldMovementGrid/GridMaterial.uasset" 294
"../../../Engine/Content/Functions/Engine_MaterialFunctions01/Density/ExponentialDensity.uasset" 295
"../../../Engine/Content/VREditor/WorldMovementGrid/GridPostProcess.uasset" 296
"../../../Engine/Content/EditorLandscapeResources/FlattenHeightMat.uasset" 297
"../../../Engine/Content/VREditor/WorldMovementGrid/PlaneMesh.uasset" 298
"../../../Engine/Plugins/2D/Paper2D/Content/PlaceholderTextures/DummySpriteTexture.uasset" 299
"../../../Engine/Plugins/2D/Paper2D/Content/DummySprite.uasset" 300
"../../../Engine/Plugins/2D/Paper2D/Content/DefaultPaperTerrainMaterial.uasset" 301
"../../../Engine/Plugins/2D/Paper2D/Content/DefaultSpriteMaterial.uasset" 302
"../../../Engine/Plugins/2D/Paper2D/Content/MaskedUnlitSpriteMaterial.uasset" 303
"../../../Engine/Plugins/2D/Paper2D/Content/OpaqueUnlitSpriteMaterial.uasset" 304
"../../../Engine/Plugins/Runtime/Oculus/OculusVR/Content/Textures/GearVRController_AO.uasset" 305
"../../../Engine/Plugins/Runtime/Oculus/OculusVR/Content/Textures/GearVRController_Color.uasset" 306
"../../../Engine/Plugins/Runtime/Oculus/OculusVR/Content/Textures/GearVRController_Normal.uasset" 307
"../../../Engine/Plugins/Runtime/Oculus/OculusVR/Content/Materials/GearVRControllerMaterial.uasset" 308
"../../../Engine/Plugins/Runtime/Oculus/OculusVR/Content/Meshes/GearVrController.uasset" 309
"../../../MyProject/Content/Dynamic/NPC/Animations/AnimationClips/Aim_Space_Ironsights.uasset" 310
"../../../MyProject/Content/Dynamic/NPC/Animations/AimOffsets/AimCenter.uasset" 311
"../../../MyProject/Content/Dynamic/NPC/Animations/AimOffsets/AimDown.uasset" 312
"../../../MyProject/Content/Dynamic/NPC/Animations/AimOffsets/AimUp.uasset" 313
"../../../MyProject/Content/Dynamic/NPC/Animations/AnimationClips/Idle_Rifle_Ironsights.uasset" 314
"../../../MyProject/Content/Dynamic/NPC/Animations/AimOffsets/AimOffset.uasset" 315
"../../../MyProject/Content/Dynamic/NPC/Animations/AnimationClips/Crouch_Idle_Rifle_Hip.uasset" 316
"../../../MyProject/Content/Dynamic/NPC/Animations/AnimationClips/Death_1.uasset" 317
"../../../MyProject/Content/Dynamic/NPC/Animations/AnimationClips/Idle_Rifle_Hip.uasset" 318
"../../../MyProject/Content/Dynamic/NPC/Animations/AnimationClips/Jump_From_Jog.uasset" 319
"../../../MyProject/Content/Dynamic/NPC/Animations/AnimationClips/Jump_From_Stand.uasset" 320
"../../../MyProject/Content/Dynamic/NPC/Animations/AnimationClips/Walk_Bwd_Rifle_Ironsights.uasset" 321
"../../../MyProject/Content/Dynamic/NPC/Animations/AnimationClips/Walk_Fwd_Rifle_Ironsights.uasset" 322
"../../../MyProject/Content/Dynamic/NPC/Animations/AnimationClips/Walk_Lt_Rifle_Ironsights.uasset" 323
"../../../MyProject/Content/Dynamic/NPC/Animations/AnimationClips/Walk_Rt_Rifle_Ironsights.uasset" 324
"../../../MyProject/Content/Dynamic/NPC/Animations/BlendSpaces/Aming_Walk.uasset" 325
"../../../MyProject/Content/Dynamic/NPC/Animations/AnimationClips/Crouch_Walk_Bwd_Rifle_Hip.uasset" 326
"../../../MyProject/Content/Dynamic/NPC/Animations/AnimationClips/Crouch_Walk_Fwd_Rifle_Hip.uasset" 327
"../../../MyProject/Content/Dynamic/NPC/Animations/AnimationClips/Crouch_Walk_Lt_Rifle_Hip.uasset" 328
"../../../MyProject/Content/Dynamic/NPC/Animations/AnimationClips/Crouch_Walk_Rt_Rifle_Hip.uasset" 329
"../../../MyProject/Content/Dynamic/NPC/Animations/BlendSpaces/BS_CrouchWalk.uasset" 330
"../../../MyProject/Content/Dynamic/NPC/Animations/AnimationClips/Jog_Bwd_Rifle.uasset" 331
"../../../MyProject/Content/Dynamic/NPC/Animations/AnimationClips/Jog_Fwd_Rifle.uasset" 332
"../../../MyProject/Content/Dynamic/NPC/Animations/AnimationClips/Jog_Lt_Rifle.uasset" 333
"../../../MyProject/Content/Dynamic/NPC/Animations/AnimationClips/Jog_Rt_Rifle.uasset" 334
"../../../MyProject/Content/Dynamic/NPC/Animations/BlendSpaces/BS_Jog.uasset" 335
"../../../MyProject/Content/Dynamic/NPC/Animations/NPC_AnimBlueprint.uasset" 336
"../../../MyProject/Content/Dynamic/NPC/Animations/AnimationClips/Death_2.uasset" 337
"../../../MyProject/Content/Dynamic/NPC/Animations/AnimationClips/Death_3.uasset" 338
"../../../Engine/Content/EditorBlueprintResources/StandardMacros.uasset" 339
"../../../MyProject/Content/Dynamic/NPC/AI/ClearBlackboardValue.uasset" 340
"../../../MyProject/Content/Dynamic/NPC/AI/IDontKnowButFixedIt.uasset" 341
"../../../MyProject/Content/Dynamic/NPC/AI/Patrol_BT.uasset" 342
"../../../MyProject/Content/Dynamic/NPC/AI/ClearValues.uasset" 343
"../../../MyProject/Content/Dynamic/NPC/AI/FindNextWayPoint.uasset" 344
"../../../MyProject/Content/Dynamic/NPC/AI/SearchForPlayer.uasset" 345
"../../../MyProject/Content/Dynamic/NPC/AI/Shoot.uasset" 346
"../../../MyProject/Content/Dynamic/NPC/AI/ShootSequence.uasset" 347
"../../../MyProject/Content/Dynamic/NPC/AI/Suspicion.uasset" 348
"../../../MyProject/Content/Dynamic/NPC/AI/isWithinRange.uasset" 349
"../../../MyProject/Content/Dynamic/NPC/AI/UpdateLastLocation.uasset" 350
"../../../MyProject/Content/Static/Player/Character/Mesh/SK_Mannequin_Arms_Skeleton.uasset" 351
"../../../MyProject/Content/Dynamic/Player/Animations/FirstPerson_Idle.uasset" 352
"../../../MyProject/Content/Dynamic/Player/Animations/FirstPerson_JumpEnd.uasset" 353
"../../../MyProject/Content/Dynamic/Player/Animations/FirstPerson_JumpLoop.uasset" 354
"../../../MyProject/Content/Dynamic/Player/Animations/FirstPerson_JumpStart.uasset" 355
"../../../MyProject/Content/Dynamic/Player/Animations/FirstPerson_Run.uasset" 356
"../../../MyProject/Content/Dynamic/Player/Animations/FirstPerson_AnimBP.uasset" 357
"../../../MyProject/Content/Dynamic/Player/Animations/FirstPerson_Fire.uasset" 358
"../../../MyProject/Content/Dynamic/Player/Animations/FirstPersonFire_Montage.uasset" 359
"../../../MyProject/Content/Static/Materials/BulletMaterial/mat_Bullet_01.uasset" 360
"../../../MyProject/Content/Static/Geometry/GunStuff/mesh_Bullet_01.uasset" 361
"../../../MyProject/Content/Dynamic/Player/Behaviour/PlayerProjectile.uasset" 362
"../../../MyProject/Content/Dynamic/Player/Audio/Movement/sfx_WalkingAttenutation.uasset" 363
"../../../MyProject/Content/Dynamic/Player/Audio/Movement/Wallclimb/sfx_climb_01.uasset" 364
"../../../MyProject/Content/Dynamic/Player/Audio/Movement/Wallclimb/sfx_climb_02.uasset" 365
"../../../MyProject/Content/Dynamic/Player/Audio/Movement/Wallclimb/sfx_climb_03.uasset" 366
"../../../MyProject/Content/Dynamic/Player/Audio/Movement/Wallclimb/sfx_climb_04.uasset" 367
"../../../MyProject/Content/Dynamic/Player/Audio/Movement/Wallclimb/sfx_climb_05.uasset" 368
"../../../MyProject/Content/Dynamic/Player/Audio/Movement/Wallclimb/sfx_climb_06.uasset" 369
"../../../MyProject/Content/Dynamic/Player/Audio/Movement/Wallclimb/sfx_climb_07.uasset" 370
"../../../MyProject/Content/Dynamic/Player/Audio/Movement/Wallclimb/sfx_climb_08.uasset" 371
"../../../MyProject/Content/Dynamic/Player/Audio/Movement/sfx_ClimbWall.uasset" 372
"../../../MyProject/Content/Dynamic/Player/Audio/Movement/Sliding/slide_sand_01.uasset" 373
"../../../MyProject/Content/Dynamic/Player/Audio/Movement/Sliding/slide_sand_02_gravely.uasset" 374
"../../../MyProject/Content/Dynamic/Player/Audio/Movement/Sliding/slide_sand_03.uasset" 375
"../../../MyProject/Content/Dynamic/Player/Audio/Movement/sfx_Sliding.uasset" 376
"../../../MyProject/Content/Dynamic/Player/Audio/Movement/Wallrun/sfx_wallrun_male_01.uasset" 377
"../../../MyProject/Content/Dynamic/Player/Audio/Movement/Wallrun/sfx_wallrun_male_02.uasset" 378
"../../../MyProject/Content/Dynamic/Player/Audio/Movement/sfx_WallRun.uasset" 379
"../../../MyProject/Content/Dynamic/Player/Audio/other/sfx_slomoactive_01.uasset" 380
"../../../MyProject/Content/Dynamic/Player/Audio/other/fx_Slow-Mo.uasset" 381
"../../../MyProject/Content/Dynamic/Player/Audio/Weapon/FirstPersonTemplateWeaponFire02.uasset" 382
"../../../MyProject/Content/Dynamic/Player/Audio/Weapon/sfx_shot_01.uasset" 383
"../../../MyProject/Content/Dynamic/Player/Audio/Weapon/sfx_shot_02.uasset" 384
"../../../MyProject/Content/Dynamic/Player/Audio/Weapon/sfx_WeaponAttenuation.uasset" 385
"../../../MyProject/Content/Dynamic/Player/Audio/Weapon/sfx_WeaponFire.uasset" 386
"../../../Engine/Content/Functions/Engine_MaterialFunctions02/Utility/BlendAngleCorrectedNormals.uasset" 387
"../../../Engine/Content/Functions/MaterialLayerFunctions/MatLayerBlend_NormalBlend.uasset" 388
"../../../Engine/Content/Functions/MaterialLayerFunctions/MatLayerBlend_Simple.uasset" 389
"../../../MyProject/Content/Static/Player/Character/Materials/MaterialLayers/T_ML_Rubber_Blue_01_D.uasset" 390
"../../../MyProject/Content/Static/Player/Character/Materials/MaterialLayers/T_ML_Rubber_Blue_01_N.uasset" 391
"../../../MyProject/Content/Static/Player/Character/Materials/MaterialLayers/ML_GlossyBlack_Latex_UE4.uasset" 392
"../../../MyProject/Content/Static/Player/Character/Materials/MaterialLayers/ML_Plastic_Shiny_Beige.uasset" 393
"../../../MyProject/Content/Static/Player/Character/Materials/MaterialLayers/ML_Plastic_Shiny_Beige_LOGO.uasset" 394
"../../../MyProject/Content/Static/Player/Character/Materials/MaterialLayers/T_ML_Aluminum01.uasset" 395
"../../../MyProject/Content/Static/Player/Character/Materials/MaterialLayers/T_ML_Aluminum01_N.uasset" 396
"../../../MyProject/Content/Static/Player/Character/Materials/MaterialLayers/ML_SoftMetal_UE4.uasset" 397
"../../../MyProject/Content/Static/Player/Character/Textures/UE4_Mannequin__normals.uasset" 398
"../../../MyProject/Content/Static/Player/Character/Textures/UE4_Mannequin_MAT_MASKA.uasset" 399
"../../../MyProject/Content/Static/Player/Character/Materials/M_UE4Man_Body.uasset" 400
"../../../MyProject/Content/Static/Player/Character/Mesh/SK_Mannequin_Arms_PhysicsAsset.uasset" 401
"../../../MyProject/Content/Static/Player/Character/Mesh/SK_Mannequin_Arms.uasset" 402
"../../../MyProject/Content/Static/UI/ScreenSplat/tex_screenSplat_02.uasset" 403
"../../../MyProject/Content/Static/UI/ScreenSplat/bp_screenSplat_01.uasset" 404
"../../../MyProject/Content/Static/Weapons/FPWeapon/Materials/MaterialLayers/T_ML_Rubber_Blue_01_D.uasset" 405
"../../../MyProject/Content/Static/Weapons/FPWeapon/Materials/MaterialLayers/T_ML_Rubber_Blue_01_N.uasset" 406
"../../../MyProject/Content/Static/Weapons/FPWeapon/Materials/MaterialLayers/ML_GlossyBlack_Latex_UE4.uasset" 407
"../../../MyProject/Content/Static/Weapons/FPWeapon/Materials/MaterialLayers/ML_Plastic_Shiny_Beige.uasset" 408
"../../../MyProject/Content/Static/Weapons/FPWeapon/Materials/MaterialLayers/ML_Screen.uasset" 409
"../../../MyProject/Content/Static/Weapons/FPWeapon/Materials/MaterialLayers/T_ML_Aluminum01.uasset" 410
"../../../MyProject/Content/Static/Weapons/FPWeapon/Materials/MaterialLayers/T_ML_Aluminum01_N.uasset" 411
"../../../MyProject/Content/Static/Weapons/FPWeapon/Materials/MaterialLayers/ML_SoftMetal_UE4.uasset" 412
"../../../MyProject/Content/Static/Weapons/FPWeapon/Textures/T_FPGun_M.uasset" 413
"../../../MyProject/Content/Static/Weapons/FPWeapon/Textures/T_FPGun_N.uasset" 414
"../../../MyProject/Content/Static/Weapons/FPWeapon/Materials/M_FPGun.uasset" 415
"../../../MyProject/Content/Static/Weapons/FPWeapon/Mesh/SK_FPGun_Skeleton.uasset" 416
"../../../MyProject/Content/Static/Weapons/FPWeapon/Mesh/SK_FPGun.uasset" 417
"../../../MyProject/Content/Dynamic/Player/Behaviour/FirstPersonCharacter.uasset" 418
"../../../MyProject/Content/Dynamic/NPC/AI/FindPlayer.uasset" 419
"../../../MyProject/Content/Dynamic/NPC/AI/PlayerContext.uasset" 420
"../../../MyProject/Content/Dynamic/NPC/AI/SafeZone.uasset" 421
"../../../MyProject/Content/Dynamic/NPC/AI/Guard_BT.uasset" 422
"../../../MyProject/Content/Dynamic/NPC/AI/NPC_AI_BP.uasset" 423
"../../../MyProject/Content/Dynamic/Player/Behaviour/FirstPersonProjectile.uasset" 424
"../../../MyProject/Content/Dynamic/Weapons/BP_Gun.uasset" 425
"../../../Engine/Content/Functions/MaterialLayerFunctions/MatLayerBlend_AO.uasset" 426
"../../../MyProject/Content/Static/NPC/Character/UE4_Mannequin/Materials/MaterialLayers/T_ML_Rubber_Blue_01_D.uasset" 427
"../../../MyProject/Content/Static/NPC/Character/UE4_Mannequin/Materials/MaterialLayers/T_ML_Rubber_Blue_01_N.uasset" 428
"../../../MyProject/Content/Static/NPC/Character/UE4_Mannequin/Materials/MaterialLayers/ML_GlossyBlack_Latex_UE4.uasset" 429
"../../../MyProject/Content/Static/NPC/Character/UE4_Mannequin/Materials/MaterialLayers/ML_Plastic_Shiny_Beige.uasset" 430
"../../../MyProject/Content/Static/NPC/Character/UE4_Mannequin/Textures/UE4_LOGO_CARD.uasset" 431
"../../../MyProject/Content/Static/NPC/Character/UE4_Mannequin/Materials/MaterialLayers/ML_Plastic_Shiny_Beige_LOGO.uasset" 432
"../../../MyProject/Content/Static/NPC/Character/UE4_Mannequin/Materials/MaterialLayers/T_ML_Aluminum01.uasset" 433
"../../../MyProject/Content/Static/NPC/Character/UE4_Mannequin/Materials/MaterialLayers/T_ML_Aluminum01_N.uasset" 434
"../../../MyProject/Content/Static/NPC/Character/UE4_Mannequin/Materials/MaterialLayers/ML_SoftMetal_UE4.uasset" 435
"../../../MyProject/Content/Static/NPC/Character/UE4_Mannequin/Textures/UE4_Mannequin__normals.uasset" 436
"../../../MyProject/Content/Static/NPC/Character/UE4_Mannequin/Textures/UE4_Mannequin_MAT_MASKA.uasset" 437
"../../../MyProject/Content/Static/NPC/Character/UE4_Mannequin/Textures/UE4_Mannequin_occlusion_Mobile.uasset" 438
"../../../MyProject/Content/Static/NPC/Character/UE4_Mannequin/Materials/M_UE4Man_Body.uasset" 439
"../../../MyProject/Content/Static/NPC/Character/UE4_Mannequin/Textures/UE4Man_Logo_N.uasset" 440
"../../../MyProject/Content/Static/NPC/Character/UE4_Mannequin/Materials/M_UE4Man_ChestLogo.uasset" 441
"../../../MyProject/Content/Static/NPC/Character/UE4_Mannequin/Mesh/SK_Mannequin_PhysicsAsset.uasset" 442
"../../../MyProject/Content/Static/NPC/Character/UE4_Mannequin/Mesh/SK_Mannequin.uasset" 443
"../../../MyProject/Content/Dynamic/NPC/Behaviour/NPC.uasset" 444
"../../../Engine/Content/EngineSky/C_Sky_Cloud_Color.uasset" 445
"../../../Engine/Content/EngineSky/C_Sky_Horizon_Color.uasset" 446
"../../../Engine/Content/EngineSky/C_Sky_Zenith_Color.uasset" 447
"../../../Engine/Content/EngineSky/T_Sky_Blue.uasset" 448
"../../../Engine/Content/EngineSky/T_Sky_Clouds_M.uasset" 449
"../../../Engine/Content/EngineSky/T_Sky_Stars.uasset" 450
"../../../Engine/Content/EngineSky/M_Sky_Panning_Clouds2.uasset" 451
"../../../Engine/Content/EngineSky/SM_SkySphere.uasset" 452
"../../../Engine/Content/EngineSky/BP_Sky_Sphere.uasset" 453
"../../../MyProject/Content/Static/Materials/Desert_Ground_M/DesertGround_Bright_Textures/DesertSand_Bright_LayerInfo.uasset" 454
"../../../MyProject/Content/Static/Materials/Desert_Ground_M/DesertGround_Soft/DesertSand_Soft_LayerInfo.uasset" 455
"../../../MyProject/Content/Static/Materials/Desert_Ground_M/DesertGroundTextures/DesertSand_LayerInfo.uasset" 456
"../../../MyProject/Content/Static/Levels/HiraethMap_BuiltData.uasset" 457
"../../../Engine/Content/BasicShapes/BasicShapeMaterial.uasset" 458
"../../../Engine/Content/Functions/Engine_MaterialFunctions01/Gradient/LinearGradient.uasset" 459
"../../../Engine/Content/Functions/Engine_MaterialFunctions01/ImageAdjustment/CheapContrast.uasset" 460
"../../../MyProject/Content/Static/Materials/Desert_Ground_M/DesertGround_Bright_Textures/BrightSand_D.uasset" 461
"../../../MyProject/Content/Static/Materials/Desert_Ground_M/DesertGround_Bright_Textures/BrightSand_N.uasset" 462
"../../../MyProject/Content/Static/Materials/Desert_Ground_M/DesertGround_Bright_Textures/BrightSand_Occ.uasset" 463
"../../../MyProject/Content/Static/Materials/Desert_Ground_M/DesertGround_Bright_Textures/BrightSand_R.uasset" 464
"../../../MyProject/Content/Static/Materials/Desert_Ground_M/DesertGround_Soft/SandSoft_D.uasset" 465
"../../../MyProject/Content/Static/Materials/Desert_Ground_M/DesertGround_Soft/SandSoft_H.uasset" 466
"../../../MyProject/Content/Static/Materials/Desert_Ground_M/DesertGround_Soft/SandSoft_N.uasset" 467
"../../../MyProject/Content/Static/Materials/Desert_Ground_M/DesertGround_Soft/SandSoft_Occ.uasset" 468
"../../../MyProject/Content/Static/Materials/Desert_Ground_M/DesertGround_Soft/SandSoft_R.uasset" 469
"../../../MyProject/Content/Static/Materials/Desert_Ground_M/DesertGroundTextures/Desert_Ground_D.uasset" 470
"../../../MyProject/Content/Static/Materials/Desert_Ground_M/DesertGroundTextures/Desert_Ground_H.uasset" 471
"../../../MyProject/Content/Static/Materials/Desert_Ground_M/DesertGroundTextures/Desert_Ground_N.uasset" 472
"../../../MyProject/Content/Static/Materials/Desert_Ground_M/DesertGroundTextures/Desert_Ground_Occ.uasset" 473
"../../../MyProject/Content/Static/Materials/Desert_Ground_M/DesertGroundTextures/Desert_Ground_R.uasset" 474
"../../../MyProject/Content/Static/Materials/Desert_Ground_M/Desert_Ground_M.uasset" 475
"../../../MyProject/Content/Static/Materials/Desert_Ground_M/DesertGroundBricks/GroundBicks_D.uasset" 476
"../../../MyProject/Content/Static/Materials/Desert_Ground_M/DesertGroundBricks/GroundBicks_R.uasset" 477
"../../../MyProject/Content/Static/Materials/Desert_Ground_M/DesertGroundBricks/GroundBrick_N.uasset" 478
"../../../MyProject/Content/Static/Materials/Desert_Ground_M/Landscape_Instance.uasset" 479
"../../../Engine/Content/BasicShapes/Cone.uasset" 480
"../../../Engine/Content/BasicShapes/Cube.uasset" 481
"../../../Engine/Content/BasicShapes/Cylinder.uasset" 482
"../../../Engine/Content/BasicShapes/Plane.uasset" 483
"../../../Engine/Content/EngineMaterials/DefaultPhysicalMaterial.uasset" 484
"../../../MyProject/Content/Static/Geometry/Meshes/1M_Cube.uasset" 485
"../../../MyProject/Content/Static/Geometry/Meshes/BendWall.uasset" 486
"../../../MyProject/Content/Static/Geometry/Meshes/Bump_StaticMesh.uasset" 487
"../../../MyProject/Content/Static/Geometry/Meshes/LeftArm_StaticMesh.uasset" 488
"../../../MyProject/Content/Static/Geometry/Meshes/Linear_Stair_StaticMesh.uasset" 489
"../../../MyProject/Content/Static/Geometry/Meshes/Ramp_StaticMesh.uasset" 490
"../../../MyProject/Content/Static/Materials/BlockoutCliffs/Cliff1_AmbientOcc.uasset" 491
"../../../MyProject/Content/Static/Materials/BlockoutCliffs/Cliff1_basecolor.uasset" 492
"../../../MyProject/Content/Static/Materials/BlockoutCliffs/Cliff1_normal.uasset" 493
"../../../MyProject/Content/Static/Materials/BlockoutCliffs/Cliff1_roughness.uasset" 494
"../../../MyProject/Content/Static/Materials/BlockoutCliffs/CliffBlockout_M.uasset" 495
"../../../MyProject/Content/Static/Geometry/Meshes/StoneCliff1.uasset" 496
"../../../MyProject/Content/Static/Geometry/Meshes/Wellblech.uasset" 497
"../../../MyProject/Content/Static/Levels/HiraethMap.umap" 498
"../../../Engine/Content/BasicShapes/Sphere.uasset" 499
"../../../MyProject/Content/Static/Geometry/BLOCKOUT/Box_Brush_StaticMesh.uasset" 500
"../../../MyProject/Content/Static/Geometry/BLOCKOUT/IDK.uasset" 501
"../../../MyProject/Content/Static/Geometry/BLOCKOUT/Stair.uasset" 502
"../../../MyProject/Content/Static/Geometry/BLOCKOUT/WallOpen.uasset" 503
"../../../MyProject/Content/Static/Levels/HiraethMap_MarekEdition.umap" 504
"../../../MyProject/Content/Static/Player/Meshes/CubeMaterialOverride.uasset" 505
"../../../MyProject/Content/Static/Levels/Map_Test.umap" 506
"../../../MyProject/Content/Static/Levels/Map_Test_AI.umap" 507
"../../../MyProject/Content/Static/Levels/Map_Test_Movement.umap" 508
"../../../MyProject/Content/Static/Levels/TravelMap.umap" 509
